TN:
SF:middleware/databaseMonitor.js
FN:20,(anonymous_0)
FN:58,(anonymous_1)
FN:85,(anonymous_2)
FN:95,(anonymous_3)
FN:99,(anonymous_4)
FN:107,(anonymous_5)
FN:108,(anonymous_6)
FN:113,(anonymous_7)
FN:129,(anonymous_8)
FN:157,(anonymous_9)
FN:161,(anonymous_10)
FN:176,(anonymous_11)
FN:206,(anonymous_12)
FN:213,(anonymous_13)
FN:221,(anonymous_14)
FN:235,(anonymous_15)
FN:248,(anonymous_16)
FN:257,(anonymous_17)
FN:262,(anonymous_18)
FN:289,(anonymous_19)
FN:326,(anonymous_20)
FN:362,(anonymous_21)
FN:397,(anonymous_22)
FN:398,(anonymous_23)
FN:399,(anonymous_24)
FN:407,(anonymous_25)
FN:407,(anonymous_26)
FN:410,(anonymous_27)
FN:419,(anonymous_28)
FN:435,(anonymous_29)
FN:463,(anonymous_30)
FN:473,(anonymous_31)
FN:482,(anonymous_32)
FN:488,(anonymous_33)
FN:500,(anonymous_34)
FN:519,(anonymous_35)
FNF:36
FNH:0
FNDA:0,(anonymous_0)
FNDA:0,(anonymous_1)
FNDA:0,(anonymous_2)
FNDA:0,(anonymous_3)
FNDA:0,(anonymous_4)
FNDA:0,(anonymous_5)
FNDA:0,(anonymous_6)
FNDA:0,(anonymous_7)
FNDA:0,(anonymous_8)
FNDA:0,(anonymous_9)
FNDA:0,(anonymous_10)
FNDA:0,(anonymous_11)
FNDA:0,(anonymous_12)
FNDA:0,(anonymous_13)
FNDA:0,(anonymous_14)
FNDA:0,(anonymous_15)
FNDA:0,(anonymous_16)
FNDA:0,(anonymous_17)
FNDA:0,(anonymous_18)
FNDA:0,(anonymous_19)
FNDA:0,(anonymous_20)
FNDA:0,(anonymous_21)
FNDA:0,(anonymous_22)
FNDA:0,(anonymous_23)
FNDA:0,(anonymous_24)
FNDA:0,(anonymous_25)
FNDA:0,(anonymous_26)
FNDA:0,(anonymous_27)
FNDA:0,(anonymous_28)
FNDA:0,(anonymous_29)
FNDA:0,(anonymous_30)
FNDA:0,(anonymous_31)
FNDA:0,(anonymous_32)
FNDA:0,(anonymous_33)
FNDA:0,(anonymous_34)
FNDA:0,(anonymous_35)
DA:15,0
DA:16,0
DA:17,0
DA:21,0
DA:22,0
DA:23,0
DA:44,0
DA:47,0
DA:48,0
DA:59,0
DA:61,0
DA:62,0
DA:63,0
DA:66,0
DA:69,0
DA:70,0
DA:71,0
DA:72,0
DA:75,0
DA:82,0
DA:85,0
DA:86,0
DA:89,0
DA:96,0
DA:99,0
DA:101,0
DA:107,0
DA:108,0
DA:109,0
DA:110,0
DA:113,0
DA:114,0
DA:115,0
DA:116,0
DA:118,0
DA:129,0
DA:130,0
DA:131,0
DA:132,0
DA:134,0
DA:148,0
DA:157,0
DA:158,0
DA:161,0
DA:162,0
DA:163,0
DA:164,0
DA:166,0
DA:176,0
DA:177,0
DA:178,0
DA:179,0
DA:181,0
DA:194,0
DA:199,0
DA:204,0
DA:206,0
DA:207,0
DA:213,0
DA:214,0
DA:221,0
DA:222,0
DA:236,0
DA:237,0
DA:240,0
DA:243,0
DA:244,0
DA:247,0
DA:249,0
DA:251,0
DA:252,0
DA:255,0
DA:257,0
DA:261,0
DA:263,0
DA:264,0
DA:265,0
DA:266,0
DA:269,0
DA:275,0
DA:277,0
DA:287,0
DA:290,0
DA:291,0
DA:292,0
DA:293,0
DA:295,0
DA:307,0
DA:313,0
DA:314,0
DA:318,0
DA:327,0
DA:329,0
DA:335,0
DA:336,0
DA:339,0
DA:340,0
DA:344,0
DA:345,0
DA:349,0
DA:350,0
DA:351,0
DA:352,0
DA:363,0
DA:365,0
DA:377,0
DA:378,0
DA:381,0
DA:382,0
DA:386,0
DA:387,0
DA:391,0
DA:398,0
DA:399,0
DA:401,0
DA:402,0
DA:403,0
DA:407,0
DA:410,0
DA:413,0
DA:414,0
DA:415,0
DA:416,0
DA:419,0
DA:420,0
DA:422,0
DA:436,0
DA:438,0
DA:464,0
DA:474,0
DA:483,0
DA:485,0
DA:486,0
DA:488,0
DA:489,0
DA:490,0
DA:494,0
DA:501,0
DA:502,0
DA:505,0
DA:506,0
DA:509,0
DA:514,0
DA:519,0
DA:520,0
DA:521,0
DA:522,0
DA:528,0
DA:533,0
DA:536,0
LF:150
LH:0
BRDA:58,0,0,0
BRDA:61,1,0,0
BRDA:61,1,1,0
BRDA:69,2,0,0
BRDA:69,2,1,0
BRDA:71,3,0,0
BRDA:71,3,1,0
BRDA:114,4,0,0
BRDA:114,4,1,0
BRDA:114,5,0,0
BRDA:114,5,1,0
BRDA:120,6,0,0
BRDA:120,6,1,0
BRDA:121,7,0,0
BRDA:121,7,1,0
BRDA:130,8,0,0
BRDA:130,8,1,0
BRDA:130,9,0,0
BRDA:130,9,1,0
BRDA:130,9,2,0
BRDA:136,10,0,0
BRDA:136,10,1,0
BRDA:137,11,0,0
BRDA:137,11,1,0
BRDA:150,12,0,0
BRDA:150,12,1,0
BRDA:162,13,0,0
BRDA:162,13,1,0
BRDA:162,14,0,0
BRDA:162,14,1,0
BRDA:177,15,0,0
BRDA:177,15,1,0
BRDA:177,16,0,0
BRDA:177,16,1,0
BRDA:177,16,2,0
BRDA:236,17,0,0
BRDA:236,17,1,0
BRDA:236,18,0,0
BRDA:236,18,1,0
BRDA:236,18,2,0
BRDA:251,19,0,0
BRDA:251,19,1,0
BRDA:264,20,0,0
BRDA:264,20,1,0
BRDA:291,21,0,0
BRDA:291,21,1,0
BRDA:291,22,0,0
BRDA:291,22,1,0
BRDA:313,23,0,0
BRDA:313,23,1,0
BRDA:327,24,0,0
BRDA:327,24,1,0
BRDA:339,25,0,0
BRDA:339,25,1,0
BRDA:344,26,0,0
BRDA:344,26,1,0
BRDA:349,27,0,0
BRDA:349,27,1,0
BRDA:350,28,0,0
BRDA:350,28,1,0
BRDA:351,29,0,0
BRDA:351,29,1,0
BRDA:362,30,0,0
BRDA:363,31,0,0
BRDA:363,31,1,0
BRDA:381,32,0,0
BRDA:381,32,1,0
BRDA:386,33,0,0
BRDA:386,33,1,0
BRDA:401,34,0,0
BRDA:401,34,1,0
BRDA:415,35,0,0
BRDA:415,35,1,0
BRDA:416,36,0,0
BRDA:416,36,1,0
BRDA:420,37,0,0
BRDA:420,37,1,0
BRDA:463,38,0,0
BRDA:473,39,0,0
BRDA:483,40,0,0
BRDA:483,40,1,0
BRDA:483,41,0,0
BRDA:483,41,1,0
BRDA:489,42,0,0
BRDA:489,42,1,0
BRDA:501,43,0,0
BRDA:501,43,1,0
BRDA:505,44,0,0
BRDA:505,44,1,0
BRDA:520,45,0,0
BRDA:520,45,1,0
BRDA:520,46,0,0
BRDA:520,46,1,0
BRDA:521,47,0,0
BRDA:521,47,1,0
BRF:95
BRH:0
end_of_record
TN:
SF:services/databaseAdapter.js
FN:28,(anonymous_0)
FN:41,(anonymous_1)
FN:72,(anonymous_2)
FN:119,(anonymous_3)
FN:169,(anonymous_4)
FN:214,(anonymous_5)
FN:261,(anonymous_6)
FN:306,(anonymous_7)
FN:350,(anonymous_8)
FN:394,(anonymous_9)
FN:436,(anonymous_10)
FN:437,(anonymous_11)
FN:437,(anonymous_12)
FN:462,(anonymous_13)
FN:475,(anonymous_14)
FN:499,(anonymous_15)
FN:500,(anonymous_16)
FN:545,(anonymous_17)
FN:551,(anonymous_18)
FN:567,(anonymous_19)
FN:573,(anonymous_20)
FN:621,(anonymous_21)
FN:633,(anonymous_22)
FN:658,(anonymous_23)
FN:665,(anonymous_24)
FN:671,(anonymous_25)
FN:676,(anonymous_26)
FNF:27
FNH:1
FNDA:2,(anonymous_0)
FNDA:0,(anonymous_1)
FNDA:0,(anonymous_2)
FNDA:0,(anonymous_3)
FNDA:0,(anonymous_4)
FNDA:0,(anonymous_5)
FNDA:0,(anonymous_6)
FNDA:0,(anonymous_7)
FNDA:0,(anonymous_8)
FNDA:0,(anonymous_9)
FNDA:0,(anonymous_10)
FNDA:0,(anonymous_11)
FNDA:0,(anonymous_12)
FNDA:0,(anonymous_13)
FNDA:0,(anonymous_14)
FNDA:0,(anonymous_15)
FNDA:0,(anonymous_16)
FNDA:0,(anonymous_17)
FNDA:0,(anonymous_18)
FNDA:0,(anonymous_19)
FNDA:0,(anonymous_20)
FNDA:0,(anonymous_21)
FNDA:0,(anonymous_22)
FNDA:0,(anonymous_23)
FNDA:0,(anonymous_24)
FNDA:0,(anonymous_25)
FNDA:0,(anonymous_26)
DA:23,2
DA:24,2
DA:25,2
DA:29,2
DA:30,2
DA:34,2
DA:42,0
DA:44,0
DA:45,0
DA:46,0
DA:50,0
DA:51,0
DA:52,0
DA:54,0
DA:55,0
DA:58,0
DA:59,0
DA:61,0
DA:62,0
DA:73,0
DA:75,0
DA:76,0
DA:79,0
DA:80,0
DA:81,0
DA:82,0
DA:83,0
DA:84,0
DA:85,0
DA:87,0
DA:88,0
DA:89,0
DA:94,0
DA:95,0
DA:96,0
DA:98,0
DA:99,0
DA:100,0
DA:102,0
DA:103,0
DA:104,0
DA:109,0
DA:120,0
DA:122,0
DA:123,0
DA:126,0
DA:127,0
DA:128,0
DA:129,0
DA:130,0
DA:132,0
DA:133,0
DA:134,0
DA:136,0
DA:137,0
DA:139,0
DA:140,0
DA:141,0
DA:146,0
DA:147,0
DA:148,0
DA:149,0
DA:150,0
DA:151,0
DA:153,0
DA:154,0
DA:155,0
DA:160,0
DA:170,0
DA:172,0
DA:173,0
DA:176,0
DA:177,0
DA:178,0
DA:179,0
DA:180,0
DA:181,0
DA:183,0
DA:184,0
DA:185,0
DA:190,0
DA:191,0
DA:192,0
DA:193,0
DA:194,0
DA:195,0
DA:196,0
DA:198,0
DA:199,0
DA:200,0
DA:205,0
DA:215,0
DA:217,0
DA:218,0
DA:221,0
DA:222,0
DA:223,0
DA:224,0
DA:225,0
DA:226,0
DA:228,0
DA:229,0
DA:230,0
DA:235,0
DA:236,0
DA:237,0
DA:238,0
DA:239,0
DA:240,0
DA:241,0
DA:243,0
DA:244,0
DA:245,0
DA:250,0
DA:262,0
DA:264,0
DA:265,0
DA:268,0
DA:269,0
DA:270,0
DA:271,0
DA:272,0
DA:273,0
DA:275,0
DA:276,0
DA:277,0
DA:282,0
DA:283,0
DA:284,0
DA:285,0
DA:286,0
DA:287,0
DA:289,0
DA:290,0
DA:291,0
DA:296,0
DA:307,0
DA:309,0
DA:310,0
DA:313,0
DA:314,0
DA:315,0
DA:316,0
DA:317,0
DA:318,0
DA:320,0
DA:321,0
DA:322,0
DA:327,0
DA:328,0
DA:329,0
DA:330,0
DA:331,0
DA:332,0
DA:334,0
DA:335,0
DA:336,0
DA:341,0
DA:351,0
DA:353,0
DA:354,0
DA:357,0
DA:358,0
DA:359,0
DA:360,0
DA:361,0
DA:362,0
DA:364,0
DA:365,0
DA:366,0
DA:371,0
DA:372,0
DA:373,0
DA:374,0
DA:375,0
DA:376,0
DA:378,0
DA:379,0
DA:380,0
DA:385,0
DA:395,0
DA:397,0
DA:398,0
DA:401,0
DA:402,0
DA:403,0
DA:404,0
DA:405,0
DA:406,0
DA:408,0
DA:409,0
DA:410,0
DA:415,0
DA:416,0
DA:417,0
DA:418,0
DA:419,0
DA:420,0
DA:422,0
DA:423,0
DA:424,0
DA:429,0
DA:437,0
DA:439,0
DA:463,0
DA:476,0
DA:477,0
DA:480,0
DA:481,0
DA:484,0
DA:490,0
DA:499,0
DA:500,0
DA:503,0
DA:504,0
DA:505,0
DA:512,0
DA:513,0
DA:514,0
DA:515,0
DA:524,0
DA:525,0
DA:526,0
DA:534,0
DA:536,0
DA:538,0
DA:539,0
DA:546,0
DA:547,0
DA:552,0
DA:553,0
DA:555,0
DA:556,0
DA:560,0
DA:561,0
DA:563,0
DA:570,0
DA:574,0
DA:575,0
DA:576,0
DA:577,0
DA:580,0
DA:582,0
DA:583,0
DA:584,0
DA:585,0
DA:590,0
DA:591,0
DA:592,0
DA:593,0
DA:594,0
DA:597,0
DA:602,0
DA:603,0
DA:604,0
DA:606,0
DA:610,0
DA:611,0
DA:612,0
DA:614,0
DA:618,0
DA:623,0
DA:624,0
DA:625,0
DA:626,0
DA:628,0
DA:629,0
DA:634,0
DA:635,0
DA:637,0
DA:639,0
DA:641,0
DA:642,0
DA:644,0
DA:645,0
DA:653,0
DA:662,0
DA:668,0
DA:673,0
DA:678,0
DA:683,2
LF:281
LH:7
BRDA:29,0,0,2
BRDA:29,0,1,2
BRDA:44,1,0,0
BRDA:44,1,1,0
BRDA:44,2,0,0
BRDA:44,2,1,0
BRDA:50,3,0,0
BRDA:50,3,1,0
BRDA:50,4,0,0
BRDA:50,4,1,0
BRDA:51,5,0,0
BRDA:51,5,1,0
BRDA:79,6,0,0
BRDA:79,6,1,0
BRDA:79,7,0,0
BRDA:79,7,1,0
BRDA:94,8,0,0
BRDA:94,8,1,0
BRDA:94,9,0,0
BRDA:94,9,1,0
BRDA:119,10,0,0
BRDA:119,11,0,0
BRDA:126,12,0,0
BRDA:126,12,1,0
BRDA:126,13,0,0
BRDA:126,13,1,0
BRDA:132,14,0,0
BRDA:132,14,1,0
BRDA:133,15,0,0
BRDA:133,15,1,0
BRDA:134,16,0,0
BRDA:134,16,1,0
BRDA:146,17,0,0
BRDA:146,17,1,0
BRDA:146,18,0,0
BRDA:146,18,1,0
BRDA:169,19,0,0
BRDA:176,20,0,0
BRDA:176,20,1,0
BRDA:176,21,0,0
BRDA:176,21,1,0
BRDA:190,22,0,0
BRDA:190,22,1,0
BRDA:190,23,0,0
BRDA:190,23,1,0
BRDA:195,24,0,0
BRDA:195,24,1,0
BRDA:195,25,0,0
BRDA:195,25,1,0
BRDA:221,26,0,0
BRDA:221,26,1,0
BRDA:221,27,0,0
BRDA:221,27,1,0
BRDA:235,28,0,0
BRDA:235,28,1,0
BRDA:235,29,0,0
BRDA:235,29,1,0
BRDA:240,30,0,0
BRDA:240,30,1,0
BRDA:240,31,0,0
BRDA:240,31,1,0
BRDA:261,32,0,0
BRDA:268,33,0,0
BRDA:268,33,1,0
BRDA:268,34,0,0
BRDA:268,34,1,0
BRDA:282,35,0,0
BRDA:282,35,1,0
BRDA:282,36,0,0
BRDA:282,36,1,0
BRDA:306,37,0,0
BRDA:313,38,0,0
BRDA:313,38,1,0
BRDA:313,39,0,0
BRDA:313,39,1,0
BRDA:327,40,0,0
BRDA:327,40,1,0
BRDA:327,41,0,0
BRDA:327,41,1,0
BRDA:357,42,0,0
BRDA:357,42,1,0
BRDA:357,43,0,0
BRDA:357,43,1,0
BRDA:371,44,0,0
BRDA:371,44,1,0
BRDA:371,45,0,0
BRDA:371,45,1,0
BRDA:401,46,0,0
BRDA:401,46,1,0
BRDA:401,47,0,0
BRDA:401,47,1,0
BRDA:415,48,0,0
BRDA:415,48,1,0
BRDA:415,49,0,0
BRDA:415,49,1,0
BRDA:437,50,0,0
BRDA:437,50,1,0
BRDA:444,51,0,0
BRDA:444,51,1,0
BRDA:452,52,0,0
BRDA:452,52,1,0
BRDA:475,53,0,0
BRDA:476,54,0,0
BRDA:476,54,1,0
BRDA:504,55,0,0
BRDA:504,55,1,0
BRDA:514,56,0,0
BRDA:514,56,1,0
BRDA:525,57,0,0
BRDA:525,57,1,0
BRDA:546,58,0,0
BRDA:546,58,1,0
BRDA:552,59,0,0
BRDA:552,59,1,0
BRDA:555,60,0,0
BRDA:555,60,1,0
BRDA:560,61,0,0
BRDA:560,61,1,0
BRDA:580,62,0,0
BRDA:580,62,1,0
BRDA:582,63,0,0
BRDA:582,63,1,0
BRDA:582,64,0,0
BRDA:582,64,1,0
BRDA:584,65,0,0
BRDA:584,65,1,0
BRDA:590,66,0,0
BRDA:590,66,1,0
BRDA:592,67,0,0
BRDA:592,67,1,0
BRDA:602,68,0,0
BRDA:602,68,1,0
BRDA:603,69,0,0
BRDA:603,69,1,0
BRDA:610,70,0,0
BRDA:610,70,1,0
BRDA:611,71,0,0
BRDA:611,71,1,0
BRDA:639,72,0,0
BRDA:639,72,1,0
BRDA:639,73,0,0
BRDA:639,73,1,0
BRDA:644,74,0,0
BRDA:644,74,1,0
BRF:144
BRH:2
end_of_record
TN:
SF:services/mongoChangeStreamListener.js
FN:94,(anonymous_0)
FN:133,(anonymous_1)
FN:183,(anonymous_2)
FN:184,(anonymous_3)
FN:201,(anonymous_4)
FN:243,(anonymous_5)
FN:245,(anonymous_6)
FN:254,(anonymous_7)
FN:260,(anonymous_8)
FN:282,(anonymous_9)
FN:329,(anonymous_10)
FN:336,(anonymous_11)
FN:348,(anonymous_12)
FN:423,(anonymous_13)
FN:451,(anonymous_14)
FN:467,(anonymous_15)
FN:489,(anonymous_16)
FN:499,(anonymous_17)
FN:513,(anonymous_18)
FN:523,(anonymous_19)
FN:550,(anonymous_20)
FN:562,(anonymous_21)
FN:586,(anonymous_22)
FN:617,(anonymous_23)
FN:626,(anonymous_24)
FN:643,(anonymous_25)
FN:658,(anonymous_26)
FN:663,(anonymous_27)
FN:673,(anonymous_28)
FN:692,(anonymous_29)
FN:693,(anonymous_30)
FN:718,(anonymous_31)
FN:722,(anonymous_32)
FN:733,(anonymous_33)
FN:742,(anonymous_34)
FN:775,(anonymous_35)
FN:783,(anonymous_36)
FN:793,(anonymous_37)
FN:807,(anonymous_38)
FN:829,(anonymous_39)
FN:845,(anonymous_40)
FN:871,(anonymous_41)
FN:896,(anonymous_42)
FN:914,(anonymous_43)
FNF:44
FNH:0
FNDA:0,(anonymous_0)
FNDA:0,(anonymous_1)
FNDA:0,(anonymous_2)
FNDA:0,(anonymous_3)
FNDA:0,(anonymous_4)
FNDA:0,(anonymous_5)
FNDA:0,(anonymous_6)
FNDA:0,(anonymous_7)
FNDA:0,(anonymous_8)
FNDA:0,(anonymous_9)
FNDA:0,(anonymous_10)
FNDA:0,(anonymous_11)
FNDA:0,(anonymous_12)
FNDA:0,(anonymous_13)
FNDA:0,(anonymous_14)
FNDA:0,(anonymous_15)
FNDA:0,(anonymous_16)
FNDA:0,(anonymous_17)
FNDA:0,(anonymous_18)
FNDA:0,(anonymous_19)
FNDA:0,(anonymous_20)
FNDA:0,(anonymous_21)
FNDA:0,(anonymous_22)
FNDA:0,(anonymous_23)
FNDA:0,(anonymous_24)
FNDA:0,(anonymous_25)
FNDA:0,(anonymous_26)
FNDA:0,(anonymous_27)
FNDA:0,(anonymous_28)
FNDA:0,(anonymous_29)
FNDA:0,(anonymous_30)
FNDA:0,(anonymous_31)
FNDA:0,(anonymous_32)
FNDA:0,(anonymous_33)
FNDA:0,(anonymous_34)
FNDA:0,(anonymous_35)
FNDA:0,(anonymous_36)
FNDA:0,(anonymous_37)
FNDA:0,(anonymous_38)
FNDA:0,(anonymous_39)
FNDA:0,(anonymous_40)
FNDA:0,(anonymous_41)
FNDA:0,(anonymous_42)
FNDA:0,(anonymous_43)
DA:31,0
DA:32,0
DA:33,0
DA:34,0
DA:35,0
DA:36,0
DA:37,0
DA:42,0
DA:75,0
DA:95,0
DA:96,0
DA:97,0
DA:98,0
DA:99,0
DA:100,0
DA:101,0
DA:102,0
DA:103,0
DA:104,0
DA:105,0
DA:108,0
DA:122,0
DA:123,0
DA:124,0
DA:134,0
DA:135,0
DA:136,0
DA:139,0
DA:140,0
DA:143,0
DA:144,0
DA:148,0
DA:149,0
DA:153,0
DA:154,0
DA:158,0
DA:161,0
DA:164,0
DA:167,0
DA:169,0
DA:170,0
DA:171,0
DA:172,0
DA:174,0
DA:175,0
DA:184,0
DA:185,0
DA:186,0
DA:188,0
DA:189,0
DA:193,0
DA:203,0
DA:204,0
DA:205,0
DA:206,0
DA:207,0
DA:211,0
DA:212,0
DA:215,0
DA:216,0
DA:219,0
DA:225,0
DA:226,0
DA:227,0
DA:228,0
DA:232,0
DA:240,0
DA:243,0
DA:245,0
DA:246,0
DA:247,0
DA:248,0
DA:251,0
DA:254,0
DA:255,0
DA:256,0
DA:257,0
DA:260,0
DA:261,0
DA:262,0
DA:266,0
DA:267,0
DA:269,0
DA:271,0
DA:272,0
DA:273,0
DA:283,0
DA:284,0
DA:285,0
DA:288,0
DA:290,0
DA:291,0
DA:292,0
DA:296,0
DA:299,0
DA:300,0
DA:303,0
DA:304,0
DA:310,0
DA:313,0
DA:314,0
DA:317,0
DA:320,0
DA:321,0
DA:331,0
DA:332,0
DA:336,0
DA:337,0
DA:340,0
DA:349,0
DA:350,0
DA:351,0
DA:355,0
DA:356,0
DA:357,0
DA:358,0
DA:361,0
DA:362,0
DA:364,0
DA:365,0
DA:366,0
DA:369,0
DA:371,0
DA:378,0
DA:379,0
DA:380,0
DA:381,0
DA:382,0
DA:385,0
DA:386,0
DA:388,0
DA:389,0
DA:395,0
DA:396,0
DA:399,0
DA:404,0
DA:405,0
DA:407,0
DA:409,0
DA:410,0
DA:413,0
DA:414,0
DA:424,0
DA:426,0
DA:428,0
DA:429,0
DA:433,0
DA:434,0
DA:437,0
DA:438,0
DA:441,0
DA:452,0
DA:453,0
DA:456,0
DA:457,0
DA:468,0
DA:470,0
DA:471,0
DA:474,0
DA:475,0
DA:477,0
DA:490,0
DA:491,0
DA:500,0
DA:501,0
DA:505,0
DA:508,0
DA:509,0
DA:513,0
DA:514,0
DA:517,0
DA:518,0
DA:522,0
DA:523,0
DA:524,0
DA:525,0
DA:527,0
DA:532,0
DA:533,0
DA:538,0
DA:540,0
DA:551,0
DA:552,0
DA:555,0
DA:560,0
DA:562,0
DA:564,0
DA:565,0
DA:566,0
DA:567,0
DA:569,0
DA:571,0
DA:572,0
DA:574,0
DA:587,0
DA:599,0
DA:600,0
DA:601,0
DA:604,0
DA:605,0
DA:606,0
DA:609,0
DA:610,0
DA:618,0
DA:619,0
DA:624,0
DA:626,0
DA:627,0
DA:628,0
DA:629,0
DA:630,0
DA:632,0
DA:633,0
DA:634,0
DA:645,0
DA:646,0
DA:650,0
DA:651,0
DA:659,0
DA:660,0
DA:663,0
DA:664,0
DA:667,0
DA:674,0
DA:685,0
DA:686,0
DA:687,0
DA:691,0
DA:692,0
DA:693,0
DA:695,0
DA:696,0
DA:700,0
DA:701,0
DA:711,0
DA:719,0
DA:722,0
DA:734,0
DA:743,0
DA:744,0
DA:750,0
DA:751,0
DA:752,0
DA:753,0
DA:754,0
DA:756,0
DA:757,0
DA:762,0
DA:766,0
DA:767,0
DA:769,0
DA:776,0
DA:777,0
DA:784,0
DA:785,0
DA:794,0
DA:795,0
DA:796,0
DA:797,0
DA:798,0
DA:799,0
DA:808,0
DA:811,0
DA:812,0
DA:813,0
DA:817,0
DA:818,0
DA:820,0
DA:823,0
DA:824,0
DA:828,0
DA:829,0
DA:831,0
DA:834,0
DA:835,0
DA:837,0
DA:838,0
DA:846,0
DA:847,0
DA:850,0
DA:851,0
DA:852,0
DA:853,0
DA:854,0
DA:856,0
DA:857,0
DA:860,0
DA:863,0
DA:872,0
DA:873,0
DA:876,0
DA:877,0
DA:878,0
DA:881,0
DA:882,0
DA:885,0
DA:886,0
DA:888,0
DA:897,0
DA:898,0
DA:899,0
DA:900,0
DA:901,0
DA:902,0
DA:903,0
DA:906,0
DA:915,0
DA:916,0
DA:917,0
DA:920,0
DA:921,0
DA:924,0
DA:926,0
DA:932,0
LF:314
LH:0
BRDA:94,0,0,0
BRDA:133,1,0,0
BRDA:134,2,0,0
BRDA:134,2,1,0
BRDA:143,3,0,0
BRDA:143,3,1,0
BRDA:148,4,0,0
BRDA:148,4,1,0
BRDA:148,5,0,0
BRDA:148,5,1,0
BRDA:153,6,0,0
BRDA:153,6,1,0
BRDA:204,7,0,0
BRDA:204,7,1,0
BRDA:211,8,0,0
BRDA:211,8,1,0
BRDA:226,9,0,0
BRDA:226,9,1,0
BRDA:283,10,0,0
BRDA:283,10,1,0
BRDA:290,11,0,0
BRDA:290,11,1,0
BRDA:299,12,0,0
BRDA:299,12,1,0
BRDA:313,13,0,0
BRDA:313,13,1,0
BRDA:331,14,0,0
BRDA:331,14,1,0
BRDA:350,15,0,0
BRDA:350,15,1,0
BRDA:350,16,0,0
BRDA:350,16,1,0
BRDA:356,17,0,0
BRDA:356,17,1,0
BRDA:364,18,0,0
BRDA:364,18,1,0
BRDA:395,19,0,0
BRDA:395,19,1,0
BRDA:409,20,0,0
BRDA:409,20,1,0
BRDA:426,21,0,0
BRDA:426,21,1,0
BRDA:426,21,2,0
BRDA:426,21,3,0
BRDA:426,21,4,0
BRDA:452,22,0,0
BRDA:452,22,1,0
BRDA:468,23,0,0
BRDA:468,23,1,0
BRDA:500,24,0,0
BRDA:500,24,1,0
BRDA:508,25,0,0
BRDA:508,25,1,0
BRDA:517,26,0,0
BRDA:517,26,1,0
BRDA:517,27,0,0
BRDA:517,27,1,0
BRDA:517,27,2,0
BRDA:522,28,0,0
BRDA:522,28,1,0
BRDA:524,29,0,0
BRDA:524,29,1,0
BRDA:524,30,0,0
BRDA:524,30,1,0
BRDA:524,30,2,0
BRDA:532,31,0,0
BRDA:532,31,1,0
BRDA:571,32,0,0
BRDA:571,32,1,0
BRDA:604,33,0,0
BRDA:604,33,1,0
BRDA:618,34,0,0
BRDA:618,34,1,0
BRDA:650,35,0,0
BRDA:650,35,1,0
BRDA:659,36,0,0
BRDA:659,36,1,0
BRDA:692,37,0,0
BRDA:692,37,1,0
BRDA:695,38,0,0
BRDA:695,38,1,0
BRDA:700,39,0,0
BRDA:700,39,1,0
BRDA:733,40,0,0
BRDA:742,41,0,0
BRDA:795,42,0,0
BRDA:795,42,1,0
BRDA:811,43,0,0
BRDA:811,43,1,0
BRDA:846,44,0,0
BRDA:846,44,1,0
BRDA:852,45,0,0
BRDA:852,45,1,0
BRDA:872,46,0,0
BRDA:872,46,1,0
BRDA:881,47,0,0
BRDA:881,47,1,0
BRDA:899,48,0,0
BRDA:899,48,1,0
BRDA:920,49,0,0
BRDA:920,49,1,0
BRF:101
BRH:0
end_of_record
TN:
SF:services/syncOrchestrator.js
FN:26,(anonymous_0)
FN:109,(anonymous_1)
FN:155,(anonymous_2)
FN:202,(anonymous_3)
FN:240,(anonymous_4)
FN:273,(anonymous_5)
FN:308,(anonymous_6)
FN:348,(anonymous_7)
FN:379,(anonymous_8)
FN:412,(anonymous_9)
FN:455,(anonymous_10)
FN:482,(anonymous_11)
FN:485,(anonymous_12)
FN:489,(anonymous_13)
FN:496,(anonymous_14)
FN:500,(anonymous_15)
FN:510,(anonymous_16)
FN:533,(anonymous_17)
FN:553,(anonymous_18)
FN:576,(anonymous_19)
FN:596,(anonymous_20)
FN:601,(anonymous_21)
FN:612,(anonymous_22)
FN:624,(anonymous_23)
FN:661,(anonymous_24)
FN:683,(anonymous_25)
FN:701,(anonymous_26)
FN:757,(anonymous_27)
FN:767,(anonymous_28)
FN:802,(anonymous_29)
FN:827,(anonymous_30)
FN:836,(anonymous_31)
FN:863,(anonymous_32)
FN:890,(anonymous_33)
FN:905,(anonymous_34)
FN:915,(anonymous_35)
FN:925,(anonymous_36)
FN:936,(anonymous_37)
FN:951,(anonymous_38)
FN:972,(anonymous_39)
FNF:40
FNH:0
FNDA:0,(anonymous_0)
FNDA:0,(anonymous_1)
FNDA:0,(anonymous_2)
FNDA:0,(anonymous_3)
FNDA:0,(anonymous_4)
FNDA:0,(anonymous_5)
FNDA:0,(anonymous_6)
FNDA:0,(anonymous_7)
FNDA:0,(anonymous_8)
FNDA:0,(anonymous_9)
FNDA:0,(anonymous_10)
FNDA:0,(anonymous_11)
FNDA:0,(anonymous_12)
FNDA:0,(anonymous_13)
FNDA:0,(anonymous_14)
FNDA:0,(anonymous_15)
FNDA:0,(anonymous_16)
FNDA:0,(anonymous_17)
FNDA:0,(anonymous_18)
FNDA:0,(anonymous_19)
FNDA:0,(anonymous_20)
FNDA:0,(anonymous_21)
FNDA:0,(anonymous_22)
FNDA:0,(anonymous_23)
FNDA:0,(anonymous_24)
FNDA:0,(anonymous_25)
FNDA:0,(anonymous_26)
FNDA:0,(anonymous_27)
FNDA:0,(anonymous_28)
FNDA:0,(anonymous_29)
FNDA:0,(anonymous_30)
FNDA:0,(anonymous_31)
FNDA:0,(anonymous_32)
FNDA:0,(anonymous_33)
FNDA:0,(anonymous_34)
FNDA:0,(anonymous_35)
FNDA:0,(anonymous_36)
FNDA:0,(anonymous_37)
FNDA:0,(anonymous_38)
FNDA:0,(anonymous_39)
DA:21,0
DA:22,0
DA:23,0
DA:27,0
DA:30,0
DA:43,0
DA:64,0
DA:80,0
DA:81,0
DA:84,0
DA:87,0
DA:90,0
DA:96,0
DA:110,0
DA:111,0
DA:112,0
DA:115,0
DA:117,0
DA:119,0
DA:120,0
DA:123,0
DA:124,0
DA:125,0
DA:129,0
DA:130,0
DA:131,0
DA:136,0
DA:138,0
DA:139,0
DA:145,0
DA:146,0
DA:147,0
DA:156,0
DA:157,0
DA:160,0
DA:161,0
DA:164,0
DA:165,0
DA:167,0
DA:169,0
DA:170,0
DA:174,0
DA:175,0
DA:179,0
DA:181,0
DA:182,0
DA:184,0
DA:185,0
DA:191,0
DA:192,0
DA:193,0
DA:194,0
DA:203,0
DA:204,0
DA:207,0
DA:208,0
DA:210,0
DA:212,0
DA:213,0
DA:217,0
DA:218,0
DA:222,0
DA:224,0
DA:225,0
DA:227,0
DA:228,0
DA:230,0
DA:231,0
DA:232,0
DA:241,0
DA:242,0
DA:245,0
DA:247,0
DA:249,0
DA:250,0
DA:254,0
DA:255,0
DA:258,0
DA:259,0
DA:261,0
DA:262,0
DA:264,0
DA:265,0
DA:274,0
DA:275,0
DA:278,0
DA:280,0
DA:282,0
DA:283,0
DA:287,0
DA:288,0
DA:291,0
DA:292,0
DA:294,0
DA:295,0
DA:297,0
DA:298,0
DA:309,0
DA:311,0
DA:314,0
DA:316,0
DA:317,0
DA:319,0
DA:320,0
DA:322,0
DA:323,0
DA:325,0
DA:328,0
DA:330,0
DA:331,0
DA:338,0
DA:339,0
DA:340,0
DA:349,0
DA:380,0
DA:382,0
DA:413,0
DA:414,0
DA:417,0
DA:423,0
DA:456,0
DA:458,0
DA:460,0
DA:463,0
DA:466,0
DA:468,0
DA:469,0
DA:471,0
DA:472,0
DA:484,0
DA:485,0
DA:486,0
DA:489,0
DA:490,0
DA:495,0
DA:496,0
DA:497,0
DA:500,0
DA:501,0
DA:511,0
DA:513,0
DA:514,0
DA:516,0
DA:517,0
DA:518,0
DA:519,0
DA:521,0
DA:523,0
DA:524,0
DA:525,0
DA:534,0
DA:536,0
DA:537,0
DA:539,0
DA:540,0
DA:542,0
DA:544,0
DA:545,0
DA:554,0
DA:556,0
DA:557,0
DA:559,0
DA:560,0
DA:561,0
DA:562,0
DA:564,0
DA:566,0
DA:567,0
DA:568,0
DA:577,0
DA:579,0
DA:580,0
DA:582,0
DA:583,0
DA:585,0
DA:587,0
DA:588,0
DA:597,0
DA:598,0
DA:601,0
DA:602,0
DA:605,0
DA:613,0
DA:614,0
DA:615,0
DA:616,0
DA:626,0
DA:627,0
DA:628,0
DA:630,0
DA:631,0
DA:640,0
DA:641,0
DA:642,0
DA:644,0
DA:645,0
DA:654,0
DA:663,0
DA:664,0
DA:665,0
DA:666,0
DA:667,0
DA:671,0
DA:672,0
DA:673,0
DA:674,0
DA:675,0
DA:685,0
DA:692,0
DA:693,0
DA:702,0
DA:703,0
DA:706,0
DA:708,0
DA:710,0
DA:711,0
DA:712,0
DA:716,0
DA:718,0
DA:719,0
DA:722,0
DA:723,0
DA:726,0
DA:729,0
DA:730,0
DA:731,0
DA:734,0
DA:735,0
DA:736,0
DA:737,0
DA:740,0
DA:743,0
DA:744,0
DA:745,0
DA:746,0
DA:748,0
DA:749,0
DA:753,0
DA:757,0
DA:760,0
DA:768,0
DA:769,0
DA:771,0
DA:772,0
DA:774,0
DA:775,0
DA:778,0
DA:779,0
DA:782,0
DA:783,0
DA:786,0
DA:787,0
DA:790,0
DA:793,0
DA:794,0
DA:803,0
DA:804,0
DA:805,0
DA:806,0
DA:808,0
DA:809,0
DA:811,0
DA:812,0
DA:813,0
DA:815,0
DA:816,0
DA:820,0
DA:828,0
DA:829,0
DA:837,0
DA:838,0
DA:844,0
DA:845,0
DA:846,0
DA:848,0
DA:849,0
DA:850,0
DA:851,0
DA:853,0
DA:856,0
DA:864,0
DA:865,0
DA:871,0
DA:872,0
DA:873,0
DA:875,0
DA:876,0
DA:877,0
DA:878,0
DA:880,0
DA:883,0
DA:891,0
DA:894,0
DA:895,0
DA:906,0
DA:907,0
DA:908,0
DA:916,0
DA:917,0
DA:918,0
DA:927,0
DA:928,0
DA:929,0
DA:937,0
DA:938,0
DA:939,0
DA:942,0
DA:943,0
DA:944,0
DA:952,0
DA:953,0
DA:955,0
DA:956,0
DA:959,0
DA:960,0
DA:961,0
DA:962,0
DA:964,0
DA:973,0
DA:978,0
LF:320
LH:0
BRDA:32,0,0,0
BRDA:32,0,1,0
BRDA:33,1,0,0
BRDA:33,1,1,0
BRDA:34,2,0,0
BRDA:34,2,1,0
BRDA:35,3,0,0
BRDA:35,3,1,0
BRDA:36,4,0,0
BRDA:36,4,1,0
BRDA:37,5,0,0
BRDA:37,5,1,0
BRDA:38,6,0,0
BRDA:38,6,1,0
BRDA:39,7,0,0
BRDA:39,7,1,0
BRDA:109,8,0,0
BRDA:110,9,0,0
BRDA:110,9,1,0
BRDA:123,10,0,0
BRDA:123,10,1,0
BRDA:123,11,0,0
BRDA:123,11,1,0
BRDA:124,12,0,0
BRDA:124,12,1,0
BRDA:129,13,0,0
BRDA:129,13,1,0
BRDA:129,14,0,0
BRDA:129,14,1,0
BRDA:130,15,0,0
BRDA:130,15,1,0
BRDA:156,16,0,0
BRDA:156,16,1,0
BRDA:160,17,0,0
BRDA:160,17,1,0
BRDA:169,18,0,0
BRDA:169,18,1,0
BRDA:169,19,0,0
BRDA:169,19,1,0
BRDA:174,20,0,0
BRDA:174,20,1,0
BRDA:174,21,0,0
BRDA:174,21,1,0
BRDA:203,22,0,0
BRDA:203,22,1,0
BRDA:212,23,0,0
BRDA:212,23,1,0
BRDA:217,24,0,0
BRDA:217,24,1,0
BRDA:241,25,0,0
BRDA:241,25,1,0
BRDA:249,26,0,0
BRDA:249,26,1,0
BRDA:249,27,0,0
BRDA:249,27,1,0
BRDA:254,28,0,0
BRDA:254,28,1,0
BRDA:254,29,0,0
BRDA:254,29,1,0
BRDA:274,30,0,0
BRDA:274,30,1,0
BRDA:282,31,0,0
BRDA:282,31,1,0
BRDA:282,32,0,0
BRDA:282,32,1,0
BRDA:287,33,0,0
BRDA:287,33,1,0
BRDA:287,34,0,0
BRDA:287,34,1,0
BRDA:308,35,0,0
BRDA:314,36,0,0
BRDA:314,36,1,0
BRDA:320,37,0,0
BRDA:320,37,1,0
BRDA:354,38,0,0
BRDA:354,38,1,0
BRDA:370,39,0,0
BRDA:370,39,1,0
BRDA:402,40,0,0
BRDA:402,40,1,0
BRDA:403,41,0,0
BRDA:403,41,1,0
BRDA:417,42,0,0
BRDA:417,42,1,0
BRDA:417,43,0,0
BRDA:417,43,1,0
BRDA:419,44,0,0
BRDA:419,44,1,0
BRDA:419,45,0,0
BRDA:419,45,1,0
BRDA:445,46,0,0
BRDA:445,46,1,0
BRDA:484,47,0,0
BRDA:484,47,1,0
BRDA:495,48,0,0
BRDA:495,48,1,0
BRDA:597,49,0,0
BRDA:597,49,1,0
BRDA:613,50,0,0
BRDA:613,50,1,0
BRDA:626,51,0,0
BRDA:626,51,1,0
BRDA:630,52,0,0
BRDA:630,52,1,0
BRDA:640,53,0,0
BRDA:640,53,1,0
BRDA:644,54,0,0
BRDA:644,54,1,0
BRDA:664,55,0,0
BRDA:664,55,1,0
BRDA:664,56,0,0
BRDA:664,56,1,0
BRDA:664,56,2,0
BRDA:672,57,0,0
BRDA:672,57,1,0
BRDA:672,58,0,0
BRDA:672,58,1,0
BRDA:672,58,2,0
BRDA:692,59,0,0
BRDA:692,59,1,0
BRDA:702,60,0,0
BRDA:702,60,1,0
BRDA:702,61,0,0
BRDA:702,61,1,0
BRDA:710,62,0,0
BRDA:710,62,1,0
BRDA:734,63,0,0
BRDA:734,63,1,0
BRDA:744,64,0,0
BRDA:744,64,1,0
BRDA:772,65,0,0
BRDA:772,65,1,0
BRDA:772,65,2,0
BRDA:772,65,3,0
BRDA:772,65,4,0
BRDA:848,66,0,0
BRDA:848,66,1,0
BRDA:875,67,0,0
BRDA:875,67,1,0
BRDA:894,68,0,0
BRDA:894,68,1,0
BRDA:908,69,0,0
BRDA:908,69,1,0
BRDA:918,70,0,0
BRDA:918,70,1,0
BRDA:927,71,0,0
BRDA:927,71,1,0
BRDA:929,72,0,0
BRDA:929,72,1,0
BRDA:938,73,0,0
BRDA:938,73,1,0
BRDA:955,74,0,0
BRDA:955,74,1,0
BRDA:959,75,0,0
BRDA:959,75,1,0
BRDA:961,76,0,0
BRDA:961,76,1,0
BRF:157
BRH:0
end_of_record
TN:
SF:services/zerodbService.js
FN:12,(anonymous_0)
FN:26,(anonymous_1)
FN:32,(anonymous_2)
FN:37,(anonymous_3)
FN:38,(anonymous_4)
FN:49,(anonymous_5)
FN:78,(anonymous_6)
FN:82,(anonymous_7)
FN:105,(anonymous_8)
FN:121,(anonymous_9)
FN:138,(anonymous_10)
FN:154,(anonymous_11)
FN:178,(anonymous_12)
FN:200,(anonymous_13)
FN:221,(anonymous_14)
FN:241,(anonymous_15)
FN:263,(anonymous_16)
FN:286,(anonymous_17)
FN:307,(anonymous_18)
FN:328,(anonymous_19)
FN:353,(anonymous_20)
FN:376,(anonymous_21)
FN:396,(anonymous_22)
FN:420,(anonymous_23)
FN:442,(anonymous_24)
FN:463,(anonymous_25)
FN:488,(anonymous_26)
FN:513,(anonymous_27)
FN:536,(anonymous_28)
FN:556,(anonymous_29)
FN:580,(anonymous_30)
FN:599,(anonymous_31)
FNF:32
FNH:1
FNDA:2,(anonymous_0)
FNDA:0,(anonymous_1)
FNDA:0,(anonymous_2)
FNDA:0,(anonymous_3)
FNDA:0,(anonymous_4)
FNDA:0,(anonymous_5)
FNDA:0,(anonymous_6)
FNDA:0,(anonymous_7)
FNDA:0,(anonymous_8)
FNDA:0,(anonymous_9)
FNDA:0,(anonymous_10)
FNDA:0,(anonymous_11)
FNDA:0,(anonymous_12)
FNDA:0,(anonymous_13)
FNDA:0,(anonymous_14)
FNDA:0,(anonymous_15)
FNDA:0,(anonymous_16)
FNDA:0,(anonymous_17)
FNDA:0,(anonymous_18)
FNDA:0,(anonymous_19)
FNDA:0,(anonymous_20)
FNDA:0,(anonymous_21)
FNDA:0,(anonymous_22)
FNDA:0,(anonymous_23)
FNDA:0,(anonymous_24)
FNDA:0,(anonymous_25)
FNDA:0,(anonymous_26)
FNDA:0,(anonymous_27)
FNDA:0,(anonymous_28)
FNDA:0,(anonymous_29)
FNDA:0,(anonymous_30)
FNDA:0,(anonymous_31)
DA:8,2
DA:9,2
DA:13,2
DA:14,2
DA:15,2
DA:16,2
DA:25,2
DA:27,0
DA:28,0
DA:30,0
DA:32,0
DA:36,2
DA:37,0
DA:39,0
DA:40,0
DA:50,0
DA:52,0
DA:54,0
DA:55,0
DA:58,0
DA:59,0
DA:64,0
DA:69,0
DA:70,0
DA:79,0
DA:81,0
DA:82,0
DA:84,0
DA:85,0
DA:89,0
DA:94,0
DA:96,0
DA:97,0
DA:106,0
DA:107,0
DA:108,0
DA:110,0
DA:111,0
DA:122,0
DA:123,0
DA:127,0
DA:129,0
DA:130,0
DA:139,0
DA:140,0
DA:141,0
DA:143,0
DA:144,0
DA:155,0
DA:156,0
DA:160,0
DA:162,0
DA:163,0
DA:179,0
DA:180,0
DA:181,0
DA:185,0
DA:187,0
DA:188,0
DA:201,0
DA:202,0
DA:203,0
DA:207,0
DA:209,0
DA:210,0
DA:222,0
DA:223,0
DA:224,0
DA:228,0
DA:230,0
DA:231,0
DA:242,0
DA:243,0
DA:247,0
DA:249,0
DA:250,0
DA:264,0
DA:265,0
DA:272,0
DA:274,0
DA:275,0
DA:287,0
DA:288,0
DA:293,0
DA:295,0
DA:296,0
DA:308,0
DA:309,0
DA:312,0
DA:314,0
DA:315,0
DA:329,0
DA:330,0
DA:337,0
DA:339,0
DA:340,0
DA:354,0
DA:355,0
DA:356,0
DA:357,0
DA:358,0
DA:360,0
DA:363,0
DA:365,0
DA:366,0
DA:377,0
DA:378,0
DA:382,0
DA:384,0
DA:385,0
DA:397,0
DA:398,0
DA:399,0
DA:401,0
DA:404,0
DA:406,0
DA:407,0
DA:421,0
DA:422,0
DA:429,0
DA:431,0
DA:432,0
DA:443,0
DA:444,0
DA:447,0
DA:449,0
DA:450,0
DA:464,0
DA:465,0
DA:472,0
DA:474,0
DA:475,0
DA:489,0
DA:490,0
DA:497,0
DA:499,0
DA:500,0
DA:514,0
DA:515,0
DA:516,0
DA:517,0
DA:518,0
DA:520,0
DA:523,0
DA:525,0
DA:526,0
DA:537,0
DA:538,0
DA:542,0
DA:544,0
DA:545,0
DA:557,0
DA:558,0
DA:559,0
DA:560,0
DA:562,0
DA:566,0
DA:568,0
DA:569,0
DA:581,0
DA:582,0
DA:586,0
DA:588,0
DA:589,0
DA:600,0
DA:601,0
DA:605,0
DA:607,0
DA:608,0
DA:614,2
LF:170
LH:9
BRDA:27,0,0,0
BRDA:27,0,1,0
BRDA:39,1,0,0
BRDA:39,1,1,0
BRDA:84,2,0,0
BRDA:84,2,1,0
BRDA:178,3,0,0
BRDA:180,4,0,0
BRDA:180,5,0,0
BRDA:180,6,0,0
BRDA:180,7,0,0
BRDA:180,8,0,0
BRDA:241,9,0,0
BRDA:263,10,0,0
BRDA:263,11,0,0
BRDA:263,12,0,0
BRDA:263,13,0,0
BRDA:286,14,0,0
BRDA:286,15,0,0
BRDA:307,16,0,0
BRDA:307,17,0,0
BRDA:307,18,0,0
BRDA:328,19,0,0
BRDA:353,20,0,0
BRDA:353,21,0,0
BRDA:356,22,0,0
BRDA:356,22,1,0
BRDA:357,23,0,0
BRDA:357,23,1,0
BRDA:358,24,0,0
BRDA:358,24,1,0
BRDA:396,25,0,0
BRDA:396,26,0,0
BRDA:399,27,0,0
BRDA:399,27,1,0
BRDA:420,28,0,0
BRDA:442,29,0,0
BRDA:442,30,0,0
BRDA:463,31,0,0
BRDA:488,32,0,0
BRDA:513,33,0,0
BRDA:513,34,0,0
BRDA:516,35,0,0
BRDA:516,35,1,0
BRDA:517,36,0,0
BRDA:517,36,1,0
BRDA:518,37,0,0
BRDA:518,37,1,0
BRDA:540,38,0,0
BRDA:540,38,1,0
BRDA:556,39,0,0
BRDA:556,40,0,0
BRDA:559,41,0,0
BRDA:559,41,1,0
BRF:54
BRH:0
end_of_record
TN:
SF:services/zerodbSyncService.js
FN:152,(anonymous_0)
FN:188,(anonymous_1)
FN:225,(anonymous_2)
FN:255,(anonymous_3)
FN:275,(anonymous_4)
FN:288,(anonymous_5)
FN:300,(anonymous_6)
FN:418,(anonymous_7)
FN:426,(anonymous_8)
FN:431,(anonymous_9)
FN:444,(anonymous_10)
FN:460,(anonymous_11)
FN:510,(anonymous_12)
FN:554,(anonymous_13)
FN:571,(anonymous_14)
FN:604,(anonymous_15)
FN:609,(anonymous_16)
FN:616,(anonymous_17)
FN:617,(anonymous_18)
FN:624,(anonymous_19)
FN:662,(anonymous_20)
FN:733,(anonymous_21)
FN:765,(anonymous_22)
FN:825,(anonymous_23)
FN:838,(anonymous_24)
FN:850,(anonymous_25)
FN:858,(anonymous_26)
FN:867,(anonymous_27)
FN:874,(anonymous_28)
FN:884,(anonymous_29)
FN:891,(anonymous_30)
FN:936,(anonymous_31)
FN:986,(anonymous_32)
FN:999,(anonymous_33)
FN:1006,(anonymous_34)
FNF:35
FNH:0
FNDA:0,(anonymous_0)
FNDA:0,(anonymous_1)
FNDA:0,(anonymous_2)
FNDA:0,(anonymous_3)
FNDA:0,(anonymous_4)
FNDA:0,(anonymous_5)
FNDA:0,(anonymous_6)
FNDA:0,(anonymous_7)
FNDA:0,(anonymous_8)
FNDA:0,(anonymous_9)
FNDA:0,(anonymous_10)
FNDA:0,(anonymous_11)
FNDA:0,(anonymous_12)
FNDA:0,(anonymous_13)
FNDA:0,(anonymous_14)
FNDA:0,(anonymous_15)
FNDA:0,(anonymous_16)
FNDA:0,(anonymous_17)
FNDA:0,(anonymous_18)
FNDA:0,(anonymous_19)
FNDA:0,(anonymous_20)
FNDA:0,(anonymous_21)
FNDA:0,(anonymous_22)
FNDA:0,(anonymous_23)
FNDA:0,(anonymous_24)
FNDA:0,(anonymous_25)
FNDA:0,(anonymous_26)
FNDA:0,(anonymous_27)
FNDA:0,(anonymous_28)
FNDA:0,(anonymous_29)
FNDA:0,(anonymous_30)
FNDA:0,(anonymous_31)
FNDA:0,(anonymous_32)
FNDA:0,(anonymous_33)
FNDA:0,(anonymous_34)
DA:15,0
DA:16,0
DA:17,0
DA:22,0
DA:87,0
DA:147,0
DA:148,0
DA:149,0
DA:153,0
DA:154,0
DA:155,0
DA:156,0
DA:157,0
DA:158,0
DA:159,0
DA:160,0
DA:163,0
DA:164,0
DA:165,0
DA:166,0
DA:169,0
DA:170,0
DA:173,0
DA:189,0
DA:190,0
DA:191,0
DA:194,0
DA:195,0
DA:196,0
DA:199,0
DA:201,0
DA:202,0
DA:205,0
DA:206,0
DA:208,0
DA:209,0
DA:214,0
DA:215,0
DA:226,0
DA:228,0
DA:229,0
DA:230,0
DA:233,0
DA:235,0
DA:237,0
DA:238,0
DA:245,0
DA:249,0
DA:250,0
DA:254,0
DA:255,0
DA:259,0
DA:262,0
DA:264,0
DA:266,0
DA:267,0
DA:276,0
DA:278,0
DA:279,0
DA:280,0
DA:281,0
DA:289,0
DA:290,0
DA:291,0
DA:293,0
DA:302,0
DA:303,0
DA:304,0
DA:307,0
DA:308,0
DA:310,0
DA:312,0
DA:314,0
DA:315,0
DA:316,0
DA:320,0
DA:321,0
DA:324,0
DA:329,0
DA:331,0
DA:332,0
DA:335,0
DA:338,0
DA:339,0
DA:340,0
DA:341,0
DA:343,0
DA:344,0
DA:345,0
DA:346,0
DA:347,0
DA:348,0
DA:350,0
DA:351,0
DA:354,0
DA:365,0
DA:366,0
DA:367,0
DA:373,0
DA:374,0
DA:375,0
DA:376,0
DA:377,0
DA:378,0
DA:380,0
DA:383,0
DA:384,0
DA:386,0
DA:389,0
DA:392,0
DA:393,0
DA:407,0
DA:410,0
DA:419,0
DA:422,0
DA:423,0
DA:426,0
DA:427,0
DA:431,0
DA:433,0
DA:435,0
DA:436,0
DA:445,0
DA:447,0
DA:448,0
DA:449,0
DA:450,0
DA:451,0
DA:453,0
DA:456,0
DA:457,0
DA:460,0
DA:461,0
DA:463,0
DA:466,0
DA:474,0
DA:477,0
DA:481,0
DA:482,0
DA:483,0
DA:486,0
DA:499,0
DA:501,0
DA:502,0
DA:511,0
DA:512,0
DA:515,0
DA:516,0
DA:519,0
DA:522,0
DA:523,0
DA:524,0
DA:528,0
DA:529,0
DA:530,0
DA:534,0
DA:536,0
DA:543,0
DA:546,0
DA:556,0
DA:559,0
DA:562,0
DA:564,0
DA:573,0
DA:588,0
DA:601,0
DA:604,0
DA:605,0
DA:609,0
DA:617,0
DA:625,0
DA:626,0
DA:629,0
DA:631,0
DA:632,0
DA:633,0
DA:641,0
DA:646,0
DA:648,0
DA:653,0
DA:654,0
DA:663,0
DA:664,0
DA:667,0
DA:669,0
DA:671,0
DA:672,0
DA:676,0
DA:677,0
DA:680,0
DA:683,0
DA:685,0
DA:687,0
DA:689,0
DA:696,0
DA:697,0
DA:699,0
DA:700,0
DA:702,0
DA:703,0
DA:706,0
DA:707,0
DA:715,0
DA:716,0
DA:718,0
DA:724,0
DA:725,0
DA:734,0
DA:735,0
DA:738,0
DA:740,0
DA:741,0
DA:742,0
DA:749,0
DA:751,0
DA:756,0
DA:757,0
DA:766,0
DA:768,0
DA:771,0
DA:772,0
DA:774,0
DA:775,0
DA:780,0
DA:788,0
DA:795,0
DA:802,0
DA:804,0
DA:805,0
DA:806,0
DA:811,0
DA:812,0
DA:816,0
DA:817,0
DA:826,0
DA:827,0
DA:829,0
DA:839,0
DA:840,0
DA:841,0
DA:842,0
DA:845,0
DA:846,0
DA:847,0
DA:850,0
DA:851,0
DA:860,0
DA:867,0
DA:875,0
DA:876,0
DA:885,0
DA:887,0
DA:888,0
DA:890,0
DA:892,0
DA:898,0
DA:900,0
DA:915,0
DA:925,0
DA:926,0
DA:937,0
DA:945,0
DA:947,0
DA:948,0
DA:950,0
DA:951,0
DA:954,0
DA:955,0
DA:956,0
DA:957,0
DA:960,0
DA:967,0
DA:969,0
DA:976,0
DA:977,0
DA:987,0
DA:988,0
DA:991,0
DA:992,0
DA:1000,0
DA:1007,0
DA:1017,0
DA:1022,0
LF:283
LH:0
BRDA:154,0,0,0
BRDA:154,0,1,0
BRDA:155,1,0,0
BRDA:155,1,1,0
BRDA:156,2,0,0
BRDA:156,2,1,0
BRDA:158,3,0,0
BRDA:158,3,1,0
BRDA:159,4,0,0
BRDA:159,4,1,0
BRDA:160,5,0,0
BRDA:160,5,1,0
BRDA:189,6,0,0
BRDA:189,6,1,0
BRDA:194,7,0,0
BRDA:194,7,1,0
BRDA:225,8,0,0
BRDA:228,9,0,0
BRDA:228,9,1,0
BRDA:237,10,0,0
BRDA:237,10,1,0
BRDA:243,11,0,0
BRDA:243,11,1,0
BRDA:249,12,0,0
BRDA:249,12,1,0
BRDA:249,13,0,0
BRDA:249,13,1,0
BRDA:278,14,0,0
BRDA:278,14,1,0
BRDA:302,15,0,0
BRDA:302,15,1,0
BRDA:314,16,0,0
BRDA:314,16,1,0
BRDA:314,17,0,0
BRDA:314,17,1,0
BRDA:329,18,0,0
BRDA:329,18,1,0
BRDA:358,19,0,0
BRDA:358,19,1,0
BRDA:365,20,0,0
BRDA:365,20,1,0
BRDA:377,21,0,0
BRDA:377,21,1,0
BRDA:461,22,0,0
BRDA:461,22,1,0
BRDA:461,22,2,0
BRDA:461,22,3,0
BRDA:496,23,0,0
BRDA:496,23,1,0
BRDA:510,24,0,0
BRDA:515,25,0,0
BRDA:515,25,1,0
BRDA:522,26,0,0
BRDA:522,26,1,0
BRDA:528,27,0,0
BRDA:528,27,1,0
BRDA:601,28,0,0
BRDA:601,28,1,0
BRDA:604,29,0,0
BRDA:604,29,1,0
BRDA:631,30,0,0
BRDA:631,30,1,0
BRDA:669,31,0,0
BRDA:669,31,1,0
BRDA:676,32,0,0
BRDA:676,32,1,0
BRDA:677,33,0,0
BRDA:677,33,1,0
BRDA:677,33,2,0
BRDA:685,34,0,0
BRDA:685,34,1,0
BRDA:700,35,0,0
BRDA:700,35,1,0
BRDA:740,36,0,0
BRDA:740,36,1,0
BRDA:768,37,0,0
BRDA:768,37,1,0
BRDA:768,37,2,0
BRDA:768,37,3,0
BRDA:768,37,4,0
BRDA:771,38,0,0
BRDA:771,38,1,0
BRDA:772,39,0,0
BRDA:772,39,1,0
BRDA:772,39,2,0
BRDA:774,40,0,0
BRDA:774,40,1,0
BRDA:804,41,0,0
BRDA:804,41,1,0
BRDA:846,42,0,0
BRDA:846,42,1,0
BRDA:875,43,0,0
BRDA:875,43,1,0
BRDA:898,44,0,0
BRDA:898,44,1,0
BRDA:936,45,0,0
BRDA:940,46,0,0
BRDA:941,47,0,0
BRDA:942,48,0,0
BRDA:943,49,0,0
BRDA:944,50,0,0
BRDA:950,51,0,0
BRDA:950,51,1,0
BRDA:954,52,0,0
BRDA:954,52,1,0
BRDA:954,53,0,0
BRDA:954,53,1,0
BRDA:956,54,0,0
BRDA:956,54,1,0
BRDA:957,55,0,0
BRDA:957,55,1,0
BRDA:987,56,0,0
BRDA:987,56,1,0
BRF:113
BRH:0
end_of_record
TN:
SF:utils/metricsCollector.js
FN:16,(anonymous_0)
FN:33,(anonymous_1)
FN:79,(anonymous_2)
FN:92,(anonymous_3)
FN:104,(anonymous_4)
FN:121,(anonymous_5)
FN:143,(anonymous_6)
FN:149,(anonymous_7)
FN:163,(anonymous_8)
FN:165,(anonymous_9)
FN:186,(anonymous_10)
FN:200,(anonymous_11)
FN:209,(anonymous_12)
FN:210,(anonymous_13)
FN:213,(anonymous_14)
FN:214,(anonymous_15)
FN:220,(anonymous_16)
FN:235,(anonymous_17)
FN:240,(anonymous_18)
FNF:19
FNH:0
FNDA:0,(anonymous_0)
FNDA:0,(anonymous_1)
FNDA:0,(anonymous_2)
FNDA:0,(anonymous_3)
FNDA:0,(anonymous_4)
FNDA:0,(anonymous_5)
FNDA:0,(anonymous_6)
FNDA:0,(anonymous_7)
FNDA:0,(anonymous_8)
FNDA:0,(anonymous_9)
FNDA:0,(anonymous_10)
FNDA:0,(anonymous_11)
FNDA:0,(anonymous_12)
FNDA:0,(anonymous_13)
FNDA:0,(anonymous_14)
FNDA:0,(anonymous_15)
FNDA:0,(anonymous_16)
FNDA:0,(anonymous_17)
FNDA:0,(anonymous_18)
DA:17,0
DA:18,0
DA:35,0
DA:36,0
DA:40,0
DA:41,0
DA:45,0
DA:54,0
DA:55,0
DA:62,0
DA:65,0
DA:66,0
DA:67,0
DA:70,0
DA:80,0
DA:82,0
DA:84,0
DA:87,0
DA:91,0
DA:92,0
DA:95,0
DA:106,0
DA:107,0
DA:111,0
DA:112,0
DA:116,0
DA:117,0
DA:121,0
DA:124,0
DA:125,0
DA:126,0
DA:129,0
DA:130,0
DA:133,0
DA:134,0
DA:145,0
DA:148,0
DA:149,0
DA:150,0
DA:154,0
DA:155,0
DA:156,0
DA:157,0
DA:159,0
DA:163,0
DA:164,0
DA:165,0
DA:168,0
DA:169,0
DA:171,0
DA:187,0
DA:188,0
DA:190,0
DA:191,0
DA:201,0
DA:203,0
DA:204,0
DA:208,0
DA:209,0
DA:210,0
DA:211,0
DA:213,0
DA:214,0
DA:215,0
DA:216,0
DA:219,0
DA:220,0
DA:221,0
DA:222,0
DA:227,0
DA:228,0
DA:229,0
DA:234,0
DA:235,0
DA:236,0
DA:237,0
DA:238,0
DA:240,0
DA:245,0
DA:258,0
LF:80
LH:0
BRDA:16,0,0,0
BRDA:17,1,0,0
BRDA:17,1,1,0
BRDA:33,2,0,0
BRDA:35,3,0,0
BRDA:35,3,1,0
BRDA:35,4,0,0
BRDA:35,4,1,0
BRDA:40,5,0,0
BRDA:40,5,1,0
BRDA:40,6,0,0
BRDA:40,6,1,0
BRDA:54,7,0,0
BRDA:54,7,1,0
BRDA:65,8,0,0
BRDA:65,8,1,0
BRDA:79,9,0,0
BRDA:79,10,0,0
BRDA:82,11,0,0
BRDA:82,11,1,0
BRDA:91,12,0,0
BRDA:91,12,1,0
BRDA:106,13,0,0
BRDA:106,13,1,0
BRDA:106,14,0,0
BRDA:106,14,1,0
BRDA:111,15,0,0
BRDA:111,15,1,0
BRDA:116,16,0,0
BRDA:116,16,1,0
BRDA:129,17,0,0
BRDA:129,17,1,0
BRDA:143,18,0,0
BRDA:150,19,0,0
BRDA:150,19,1,0
BRDA:154,20,0,0
BRDA:154,20,1,0
BRDA:156,21,0,0
BRDA:156,21,1,0
BRDA:164,22,0,0
BRDA:164,22,1,0
BRDA:186,23,0,0
BRDA:187,24,0,0
BRDA:187,24,1,0
BRDA:203,25,0,0
BRDA:203,25,1,0
BRDA:221,26,0,0
BRDA:221,26,1,0
BRDA:228,27,0,0
BRDA:228,27,1,0
BRF:50
BRH:0
end_of_record
